ERROR - 2024-12-28 15:49:17 --> Error connecting to the database: mysqli_sql_exception: No connection could be made because the target machine actively refused it in C:\laragon\www\CompCare-Digital-Solution-Website-P2MW\system\Database\MySQLi\Connection.php:187
Stack trace:
#0 C:\laragon\www\CompCare-Digital-Solution-Website-P2MW\system\Database\MySQLi\Connection.php(187): mysqli->real_connect('localhost', 'root', '', 'compcare', 3306, '', 0)
#1 C:\laragon\www\CompCare-Digital-Solution-Website-P2MW\system\Database\BaseConnection.php(421): CodeIgniter\Database\MySQLi\Connection->connect(false)
#2 C:\laragon\www\CompCare-Digital-Solution-Website-P2MW\system\Database\BaseConnection.php(616): CodeIgniter\Database\BaseConnection->initialize()
#3 C:\laragon\www\CompCare-Digital-Solution-Website-P2MW\system\Database\BaseBuilder.php(1644): CodeIgniter\Database\BaseConnection->query('SELECT `product...', Array, false)
#4 C:\laragon\www\CompCare-Digital-Solution-Website-P2MW\app\Controllers\Store.php(20): CodeIgniter\Database\BaseBuilder->get()
#5 C:\laragon\www\CompCare-Digital-Solution-Website-P2MW\system\CodeIgniter.php(933): App\Controllers\Store->index()
#6 C:\laragon\www\CompCare-Digital-Solution-Website-P2MW\system\CodeIgniter.php(509): CodeIgniter\CodeIgniter->runController(Object(App\Controllers\Store))
#7 C:\laragon\www\CompCare-Digital-Solution-Website-P2MW\system\CodeIgniter.php(355): CodeIgniter\CodeIgniter->handleRequest(NULL, Object(Config\Cache), false)
#8 C:\laragon\www\CompCare-Digital-Solution-Website-P2MW\system\Boot.php(325): CodeIgniter\CodeIgniter->run()
#9 C:\laragon\www\CompCare-Digital-Solution-Website-P2MW\system\Boot.php(67): CodeIgniter\Boot::runCodeIgniter(Object(CodeIgniter\CodeIgniter))
#10 C:\laragon\www\CompCare-Digital-Solution-Website-P2MW\public\index.php(56): CodeIgniter\Boot::bootWeb(Object(Config\Paths))
#11 C:\laragon\www\CompCare-Digital-Solution-Website-P2MW\system\rewrite.php(44): require_once('C:\\laragon\\www\\...')
#12 {main}

Next CodeIgniter\Database\Exceptions\DatabaseException: No connection could be made because the target machine actively refused it in C:\laragon\www\CompCare-Digital-Solution-Website-P2MW\system\Database\MySQLi\Connection.php:231
Stack trace:
#0 C:\laragon\www\CompCare-Digital-Solution-Website-P2MW\system\Database\BaseConnection.php(421): CodeIgniter\Database\MySQLi\Connection->connect(false)
#1 C:\laragon\www\CompCare-Digital-Solution-Website-P2MW\system\Database\BaseConnection.php(616): CodeIgniter\Database\BaseConnection->initialize()
#2 C:\laragon\www\CompCare-Digital-Solution-Website-P2MW\system\Database\BaseBuilder.php(1644): CodeIgniter\Database\BaseConnection->query('SELECT `product...', Array, false)
#3 C:\laragon\www\CompCare-Digital-Solution-Website-P2MW\app\Controllers\Store.php(20): CodeIgniter\Database\BaseBuilder->get()
#4 C:\laragon\www\CompCare-Digital-Solution-Website-P2MW\system\CodeIgniter.php(933): App\Controllers\Store->index()
#5 C:\laragon\www\CompCare-Digital-Solution-Website-P2MW\system\CodeIgniter.php(509): CodeIgniter\CodeIgniter->runController(Object(App\Controllers\Store))
#6 C:\laragon\www\CompCare-Digital-Solution-Website-P2MW\system\CodeIgniter.php(355): CodeIgniter\CodeIgniter->handleRequest(NULL, Object(Config\Cache), false)
#7 C:\laragon\www\CompCare-Digital-Solution-Website-P2MW\system\Boot.php(325): CodeIgniter\CodeIgniter->run()
#8 C:\laragon\www\CompCare-Digital-Solution-Website-P2MW\system\Boot.php(67): CodeIgniter\Boot::runCodeIgniter(Object(CodeIgniter\CodeIgniter))
#9 C:\laragon\www\CompCare-Digital-Solution-Website-P2MW\public\index.php(56): CodeIgniter\Boot::bootWeb(Object(Config\Paths))
#10 C:\laragon\www\CompCare-Digital-Solution-Website-P2MW\system\rewrite.php(44): require_once('C:\\laragon\\www\\...')
#11 {main}
CRITICAL - 2024-12-28 15:49:17 --> CodeIgniter\Database\Exceptions\DatabaseException: Unable to connect to the database.
Main connection [MySQLi]: No connection could be made because the target machine actively refused it
[Method: GET, Route: pages/store/]
in SYSTEMPATH\Database\BaseConnection.php on line 467.
 1 SYSTEMPATH\Database\BaseConnection.php(616): CodeIgniter\Database\BaseConnection->initialize()
 2 SYSTEMPATH\Database\BaseBuilder.php(1644): CodeIgniter\Database\BaseConnection->query('SELECT `products`.*, `users`.`no_hp`
FROM `products`
JOIN `users` ON `users`.`id` = `products`.`id_user`', [], false)
 3 APPPATH\Controllers\Store.php(20): CodeIgniter\Database\BaseBuilder->get()
 4 SYSTEMPATH\CodeIgniter.php(933): App\Controllers\Store->index()
 5 SYSTEMPATH\CodeIgniter.php(509): CodeIgniter\CodeIgniter->runController(Object(App\Controllers\Store))
 6 SYSTEMPATH\CodeIgniter.php(355): CodeIgniter\CodeIgniter->handleRequest(null, Object(Config\Cache), false)
 7 SYSTEMPATH\Boot.php(325): CodeIgniter\CodeIgniter->run()
 8 SYSTEMPATH\Boot.php(67): CodeIgniter\Boot::runCodeIgniter(Object(CodeIgniter\CodeIgniter))
 9 FCPATH\index.php(56): CodeIgniter\Boot::bootWeb(Object(Config\Paths))
10 SYSTEMPATH\rewrite.php(44): require_once('C:\\laragon\\www\\CompCare-Digital-Solution-Website-P2MW\\public\\index.php')
INFO - 2024-12-28 15:49:43 --> Session: Class initialized using 'CodeIgniter\Session\Handlers\FileHandler' driver.
